<?xml version="1.0" encoding="UTF-8"?>
<testng-results skipped="0" failed="0" ignored="0" total="1" passed="1">
  <reporter-output>
  </reporter-output>
  <suite name="Suite" duration-ms="18678" started-at="2019-07-27T09:15:45Z" finished-at="2019-07-27T09:16:03Z">
    <groups>
    </groups>
    <test name="Test" duration-ms="18678" started-at="2019-07-27T09:15:45Z" finished-at="2019-07-27T09:16:03Z">
      <class name="MavenDemo1.MavenDemo1.Demo1">
        <test-method status="PASS" signature="openGoogleApp()[pri:0, instance:MavenDemo1.MavenDemo1.Demo1@6d7b4f4c]" name="openGoogleApp" duration-ms="18623" started-at="2019-07-27T09:15:45Z" finished-at="2019-07-27T09:16:03Z">
          <reporter-output>
          </reporter-output>
        </test-method> <!-- openGoogleApp -->
      </class> <!-- MavenDemo1.MavenDemo1.Demo1 -->
    </test> <!-- Test -->
  </suite> <!-- Suite -->
</testng-results>
