<?xml version="1.0" encoding="UTF-8"?>
<testng-results skipped="0" failed="0" ignored="0" total="1" passed="1">
  <reporter-output>
  </reporter-output>
  <suite name="Suite" duration-ms="14890" started-at="2019-07-23T18:21:04Z" finished-at="2019-07-23T18:21:19Z">
    <groups>
    </groups>
    <test name="Test" duration-ms="14890" started-at="2019-07-23T18:21:04Z" finished-at="2019-07-23T18:21:19Z">
      <class name="MavenDemo1.MavenDemo1.Demo1">
        <test-method status="PASS" signature="openGoogleApp()[pri:0, instance:MavenDemo1.MavenDemo1.Demo1@36b4cef0]" name="openGoogleApp" duration-ms="14816" started-at="2019-07-23T18:21:04Z" finished-at="2019-07-23T18:21:19Z">
          <reporter-output>
          </reporter-output>
        </test-method> <!-- openGoogleApp -->
      </class> <!-- MavenDemo1.MavenDemo1.Demo1 -->
    </test> <!-- Test -->
  </suite> <!-- Suite -->
</testng-results>
